Analysis & Synthesis report for CALab
Sat Jan 23 16:29:48 2016
Quartus II 64-Bit Version 13.0.1 Build 232 06/12/2013 Service Pack 1 SJ Full Version


---------------------
; Table of Contents ;
---------------------
  1. Legal Notice
  2. Analysis & Synthesis Summary
  3. Analysis & Synthesis Settings
  4. Parallel Compilation
  5. Analysis & Synthesis Source Files Read
  6. Analysis & Synthesis Resource Usage Summary
  7. Analysis & Synthesis Resource Utilization by Entity
  8. Analysis & Synthesis RAM Summary
  9. Analysis & Synthesis IP Cores Summary
 10. Registers Removed During Synthesis
 11. General Register Statistics
 12. Inverted Register Statistics
 13. Multiplexer Restructuring Statistics (Restructuring Performed)
 14. Source assignments for Ram:mainRAM|altsyncram:altsyncram_component|altsyncram_21f1:auto_generated|altsyncram_lba2:altsyncram1
 15. Parameter Settings for User Entity Instance: Top-level Entity: |myCPU
 16. Parameter Settings for User Entity Instance: Register:regOutputData
 17. Parameter Settings for User Entity Instance: Register:regA
 18. Parameter Settings for User Entity Instance: Register:regB
 19. Parameter Settings for User Entity Instance: Register:regC
 20. Parameter Settings for User Entity Instance: Register:regD
 21. Parameter Settings for User Entity Instance: Register:regIR
 22. Parameter Settings for User Entity Instance: alu:_alu
 23. Parameter Settings for User Entity Instance: Ram:mainRAM|altsyncram:altsyncram_component
 24. Parameter Settings for User Entity Instance: Bus_mux:Bus|lpm_mux:LPM_MUX_component
 25. Parameter Settings for User Entity Instance: Controller:Contorller
 26. altsyncram Parameter Settings by Entity Instance
 27. Port Connectivity Checks: "Bus_mux:Bus"
 28. In-System Memory Content Editor Settings
 29. Elapsed Time Per Partition
 30. Analysis & Synthesis Messages



----------------
; Legal Notice ;
----------------
Copyright (C) 1991-2013 Altera Corporation
Your use of Altera Corporation's design tools, logic functions 
and other software and tools, and its AMPP partner logic 
functions, and any output files from any of the foregoing 
(including device programming or simulation files), and any 
associated documentation or information are expressly subject 
to the terms and conditions of the Altera Program License 
Subscription Agreement, Altera MegaCore Function License 
Agreement, or other applicable license agreement, including, 
without limitation, that your use is for the sole purpose of 
programming logic devices manufactured by Altera and sold by 
Altera or its authorized distributors.  Please refer to the 
applicable agreement for further details.



+---------------------------------------------------------------------------------------+
; Analysis & Synthesis Summary                                                          ;
+------------------------------------+--------------------------------------------------+
; Analysis & Synthesis Status        ; Successful - Sat Jan 23 16:29:48 2016            ;
; Quartus II 64-Bit Version          ; 13.0.1 Build 232 06/12/2013 SP 1 SJ Full Version ;
; Revision Name                      ; CALab                                            ;
; Top-level Entity Name              ; myCPU                                            ;
; Family                             ; Cyclone II                                       ;
; Total logic elements               ; 534                                              ;
;     Total combinational functions  ; 452                                              ;
;     Dedicated logic registers      ; 229                                              ;
; Total registers                    ; 229                                              ;
; Total pins                         ; 26                                               ;
; Total virtual pins                 ; 0                                                ;
; Total memory bits                  ; 2,048                                            ;
; Embedded Multiplier 9-bit elements ; 0                                                ;
; Total PLLs                         ; 0                                                ;
+------------------------------------+--------------------------------------------------+


+----------------------------------------------------------------------------------------------------------------------+
; Analysis & Synthesis Settings                                                                                        ;
+----------------------------------------------------------------------------+--------------------+--------------------+
; Option                                                                     ; Setting            ; Default Value      ;
+----------------------------------------------------------------------------+--------------------+--------------------+
; Device                                                                     ; EP2C20F484C7       ;                    ;
; Top-level entity name                                                      ; myCPU              ; CALab              ;
; Family name                                                                ; Cyclone II         ; Cyclone IV GX      ;
; Use smart compilation                                                      ; Off                ; Off                ;
; Enable parallel Assembler and TimeQuest Timing Analyzer during compilation ; On                 ; On                 ;
; Enable compact report table                                                ; Off                ; Off                ;
; Restructure Multiplexers                                                   ; Auto               ; Auto               ;
; Create Debugging Nodes for IP Cores                                        ; Off                ; Off                ;
; Preserve fewer node names                                                  ; On                 ; On                 ;
; Disable OpenCore Plus hardware evaluation                                  ; Off                ; Off                ;
; Verilog Version                                                            ; Verilog_2001       ; Verilog_2001       ;
; VHDL Version                                                               ; VHDL_1993          ; VHDL_1993          ;
; State Machine Processing                                                   ; Auto               ; Auto               ;
; Safe State Machine                                                         ; Off                ; Off                ;
; Extract Verilog State Machines                                             ; On                 ; On                 ;
; Extract VHDL State Machines                                                ; On                 ; On                 ;
; Ignore Verilog initial constructs                                          ; Off                ; Off                ;
; Iteration limit for constant Verilog loops                                 ; 5000               ; 5000               ;
; Iteration limit for non-constant Verilog loops                             ; 250                ; 250                ;
; Add Pass-Through Logic to Inferred RAMs                                    ; On                 ; On                 ;
; Infer RAMs from Raw Logic                                                  ; On                 ; On                 ;
; Parallel Synthesis                                                         ; On                 ; On                 ;
; DSP Block Balancing                                                        ; Auto               ; Auto               ;
; NOT Gate Push-Back                                                         ; On                 ; On                 ;
; Power-Up Don't Care                                                        ; On                 ; On                 ;
; Remove Redundant Logic Cells                                               ; Off                ; Off                ;
; Remove Duplicate Registers                                                 ; On                 ; On                 ;
; Ignore CARRY Buffers                                                       ; Off                ; Off                ;
; Ignore CASCADE Buffers                                                     ; Off                ; Off                ;
; Ignore GLOBAL Buffers                                                      ; Off                ; Off                ;
; Ignore ROW GLOBAL Buffers                                                  ; Off                ; Off                ;
; Ignore LCELL Buffers                                                       ; Off                ; Off                ;
; Ignore SOFT Buffers                                                        ; On                 ; On                 ;
; Limit AHDL Integers to 32 Bits                                             ; Off                ; Off                ;
; Optimization Technique                                                     ; Balanced           ; Balanced           ;
; Carry Chain Length                                                         ; 70                 ; 70                 ;
; Auto Carry Chains                                                          ; On                 ; On                 ;
; Auto Open-Drain Pins                                                       ; On                 ; On                 ;
; Perform WYSIWYG Primitive Resynthesis                                      ; Off                ; Off                ;
; Auto ROM Replacement                                                       ; On                 ; On                 ;
; Auto RAM Replacement                                                       ; On                 ; On                 ;
; Auto Shift Register Replacement                                            ; Auto               ; Auto               ;
; Allow Shift Register Merging across Hierarchies                            ; Auto               ; Auto               ;
; Auto Clock Enable Replacement                                              ; On                 ; On                 ;
; Strict RAM Replacement                                                     ; Off                ; Off                ;
; Allow Synchronous Control Signals                                          ; On                 ; On                 ;
; Force Use of Synchronous Clear Signals                                     ; Off                ; Off                ;
; Auto RAM to Logic Cell Conversion                                          ; Off                ; Off                ;
; Auto Resource Sharing                                                      ; Off                ; Off                ;
; Allow Any RAM Size For Recognition                                         ; Off                ; Off                ;
; Allow Any ROM Size For Recognition                                         ; Off                ; Off                ;
; Allow Any Shift Register Size For Recognition                              ; Off                ; Off                ;
; Use LogicLock Constraints during Resource Balancing                        ; On                 ; On                 ;
; Ignore translate_off and synthesis_off directives                          ; Off                ; Off                ;
; Timing-Driven Synthesis                                                    ; Off                ; Off                ;
; Report Parameter Settings                                                  ; On                 ; On                 ;
; Report Source Assignments                                                  ; On                 ; On                 ;
; Report Connectivity Checks                                                 ; On                 ; On                 ;
; Ignore Maximum Fan-Out Assignments                                         ; Off                ; Off                ;
; Synchronization Register Chain Length                                      ; 2                  ; 2                  ;
; PowerPlay Power Optimization                                               ; Normal compilation ; Normal compilation ;
; HDL message level                                                          ; Level2             ; Level2             ;
; Suppress Register Optimization Related Messages                            ; Off                ; Off                ;
; Number of Removed Registers Reported in Synthesis Report                   ; 5000               ; 5000               ;
; Number of Swept Nodes Reported in Synthesis Report                         ; 5000               ; 5000               ;
; Number of Inverted Registers Reported in Synthesis Report                  ; 100                ; 100                ;
; Clock MUX Protection                                                       ; On                 ; On                 ;
; Auto Gated Clock Conversion                                                ; Off                ; Off                ;
; Block Design Naming                                                        ; Auto               ; Auto               ;
; SDC constraint protection                                                  ; Off                ; Off                ;
; Synthesis Effort                                                           ; Auto               ; Auto               ;
; Shift Register Replacement - Allow Asynchronous Clear Signal               ; On                 ; On                 ;
; Pre-Mapping Resynthesis Optimization                                       ; Off                ; Off                ;
; Analysis & Synthesis Message Level                                         ; Medium             ; Medium             ;
; Disable Register Merging Across Hierarchies                                ; Auto               ; Auto               ;
; Resource Aware Inference For Block RAM                                     ; On                 ; On                 ;
; Synthesis Seed                                                             ; 1                  ; 1                  ;
+----------------------------------------------------------------------------+--------------------+--------------------+


+------------------------------------------+
; Parallel Compilation                     ;
+----------------------------+-------------+
; Processors                 ; Number      ;
+----------------------------+-------------+
; Number detected on machine ; 8           ;
; Maximum allowed            ; 4           ;
;                            ;             ;
; Average used               ; 1.00        ;
; Maximum used               ; 1           ;
;                            ;             ;
; Usage by Processor         ; % Time Used ;
;     Processor 1            ; 100.0%      ;
;     Processors 2-8         ;   0.0%      ;
+----------------------------+-------------+


+---------------------------------------------------------------------------------------------------------------------------------------------------------------------------------+
; Analysis & Synthesis Source Files Read                                                                                                                                          ;
+----------------------------------+-----------------+----------------------------------------+-------------------------------------------------------------------------+---------+
; File Name with User-Entered Path ; Used in Netlist ; File Type                              ; File Name with Absolute Path                                            ; Library ;
+----------------------------------+-----------------+----------------------------------------+-------------------------------------------------------------------------+---------+
; parameters.vh                    ; yes             ; User Unspecified File                  ; E:/7/parameters.vh                                                      ;         ;
; myCPU.v                          ; yes             ; User Verilog HDL File                  ; E:/7/myCPU.v                                                            ;         ;
; Controller.v                     ; yes             ; User Verilog HDL File                  ; E:/7/Controller.v                                                       ;         ;
; alu.v                            ; yes             ; User Verilog HDL File                  ; E:/7/alu.v                                                              ;         ;
; Ram.v                            ; yes             ; User Wizard-Generated File             ; E:/7/Ram.v                                                              ;         ;
; Bus_mux.v                        ; yes             ; User Wizard-Generated File             ; E:/7/Bus_mux.v                                                          ;         ;
; Register.v                       ; yes             ; User Verilog HDL File                  ; E:/7/Register.v                                                         ;         ;
; altsyncram.tdf                   ; yes             ; Megafunction                           ; c:/altera/13.0sp1/quartus/libraries/megafunctions/altsyncram.tdf        ;         ;
; stratix_ram_block.inc            ; yes             ; Megafunction                           ; c:/altera/13.0sp1/quartus/libraries/megafunctions/stratix_ram_block.inc ;         ;
; lpm_mux.inc                      ; yes             ; Megafunction                           ; c:/altera/13.0sp1/quartus/libraries/megafunctions/lpm_mux.inc           ;         ;
; lpm_decode.inc                   ; yes             ; Megafunction                           ; c:/altera/13.0sp1/quartus/libraries/megafunctions/lpm_decode.inc        ;         ;
; aglobal130.inc                   ; yes             ; Megafunction                           ; c:/altera/13.0sp1/quartus/libraries/megafunctions/aglobal130.inc        ;         ;
; a_rdenreg.inc                    ; yes             ; Megafunction                           ; c:/altera/13.0sp1/quartus/libraries/megafunctions/a_rdenreg.inc         ;         ;
; altrom.inc                       ; yes             ; Megafunction                           ; c:/altera/13.0sp1/quartus/libraries/megafunctions/altrom.inc            ;         ;
; altram.inc                       ; yes             ; Megafunction                           ; c:/altera/13.0sp1/quartus/libraries/megafunctions/altram.inc            ;         ;
; altdpram.inc                     ; yes             ; Megafunction                           ; c:/altera/13.0sp1/quartus/libraries/megafunctions/altdpram.inc          ;         ;
; db/altsyncram_21f1.tdf           ; yes             ; Auto-Generated Megafunction            ; E:/7/db/altsyncram_21f1.tdf                                             ;         ;
; db/altsyncram_lba2.tdf           ; yes             ; Auto-Generated Megafunction            ; E:/7/db/altsyncram_lba2.tdf                                             ;         ;
; ramdata.mif                      ; yes             ; Auto-Found Memory Initialization File  ; E:/7/ramdata.mif                                                        ;         ;
; sld_mod_ram_rom.vhd              ; yes             ; Encrypted Megafunction                 ; c:/altera/13.0sp1/quartus/libraries/megafunctions/sld_mod_ram_rom.vhd   ;         ;
; sld_rom_sr.vhd                   ; yes             ; Encrypted Megafunction                 ; c:/altera/13.0sp1/quartus/libraries/megafunctions/sld_rom_sr.vhd        ;         ;
; lpm_mux.tdf                      ; yes             ; Megafunction                           ; c:/altera/13.0sp1/quartus/libraries/megafunctions/lpm_mux.tdf           ;         ;
; muxlut.inc                       ; yes             ; Megafunction                           ; c:/altera/13.0sp1/quartus/libraries/megafunctions/muxlut.inc            ;         ;
; bypassff.inc                     ; yes             ; Megafunction                           ; c:/altera/13.0sp1/quartus/libraries/megafunctions/bypassff.inc          ;         ;
; altshift.inc                     ; yes             ; Megafunction                           ; c:/altera/13.0sp1/quartus/libraries/megafunctions/altshift.inc          ;         ;
; db/mux_4nc.tdf                   ; yes             ; Auto-Generated Megafunction            ; E:/7/db/mux_4nc.tdf                                                     ;         ;
; sld_hub.vhd                      ; yes             ; Encrypted Megafunction                 ; c:/altera/13.0sp1/quartus/libraries/megafunctions/sld_hub.vhd           ;         ;
; sld_jtag_hub.vhd                 ; yes             ; Encrypted Megafunction                 ; c:/altera/13.0sp1/quartus/libraries/megafunctions/sld_jtag_hub.vhd      ;         ;
+----------------------------------+-----------------+----------------------------------------+-------------------------------------------------------------------------+---------+


+------------------------------------------------------------------------+
; Analysis & Synthesis Resource Usage Summary                            ;
+---------------------------------------------+--------------------------+
; Resource                                    ; Usage                    ;
+---------------------------------------------+--------------------------+
; Estimated Total logic elements              ; 534                      ;
;                                             ;                          ;
; Total combinational functions               ; 452                      ;
; Logic element usage by number of LUT inputs ;                          ;
;     -- 4 input functions                    ; 224                      ;
;     -- 3 input functions                    ; 127                      ;
;     -- <=2 input functions                  ; 101                      ;
;                                             ;                          ;
; Logic elements by mode                      ;                          ;
;     -- normal mode                          ; 404                      ;
;     -- arithmetic mode                      ; 48                       ;
;                                             ;                          ;
; Total registers                             ; 229                      ;
;     -- Dedicated logic registers            ; 229                      ;
;     -- I/O registers                        ; 0                        ;
;                                             ;                          ;
; I/O pins                                    ; 26                       ;
; Total memory bits                           ; 2048                     ;
; Embedded Multiplier 9-bit elements          ; 0                        ;
; Maximum fan-out node                        ; altera_internal_jtag~TDO ;
; Maximum fan-out                             ; 145                      ;
; Total fan-out                               ; 2418                     ;
; Average fan-out                             ; 3.36                     ;
+---------------------------------------------+--------------------------+


+-----------------------------------------------------------------------------------------------------------------------------------------------------------------------------------------------------------------------------------------------------------------------------------------------------------------------------------------------------------------------+
; Analysis & Synthesis Resource Utilization by Entity                                                                                                                                                                                                                                                                                                                   ;
+------------------------------------------------------------------------+-------------------+--------------+-------------+--------------+---------+-----------+------+--------------+-------------------------------------------------------------------------------------------------------------------------------------------------------------------+--------------+
; Compilation Hierarchy Node                                             ; LC Combinationals ; LC Registers ; Memory Bits ; DSP Elements ; DSP 9x9 ; DSP 18x18 ; Pins ; Virtual Pins ; Full Hierarchy Name                                                                                                                                               ; Library Name ;
+------------------------------------------------------------------------+-------------------+--------------+-------------+--------------+---------+-----------+------+--------------+-------------------------------------------------------------------------------------------------------------------------------------------------------------------+--------------+
; |myCPU                                                                 ; 452 (34)          ; 229 (16)     ; 2048        ; 0            ; 0       ; 0         ; 26   ; 0            ; |myCPU                                                                                                                                                            ; work         ;
;    |Bus_mux:Bus|                                                       ; 32 (0)            ; 0 (0)        ; 0           ; 0            ; 0       ; 0         ; 0    ; 0            ; |myCPU|Bus_mux:Bus                                                                                                                                                ; work         ;
;       |lpm_mux:LPM_MUX_component|                                      ; 32 (0)            ; 0 (0)        ; 0           ; 0            ; 0       ; 0         ; 0    ; 0            ; |myCPU|Bus_mux:Bus|lpm_mux:LPM_MUX_component                                                                                                                      ; work         ;
;          |mux_4nc:auto_generated|                                      ; 32 (32)           ; 0 (0)        ; 0           ; 0            ; 0       ; 0         ; 0    ; 0            ; |myCPU|Bus_mux:Bus|lpm_mux:LPM_MUX_component|mux_4nc:auto_generated                                                                                               ; work         ;
;    |Controller:Contorller|                                             ; 108 (108)         ; 44 (44)      ; 0           ; 0            ; 0       ; 0         ; 0    ; 0            ; |myCPU|Controller:Contorller                                                                                                                                      ; work         ;
;    |Ram:mainRAM|                                                       ; 55 (0)            ; 33 (0)       ; 2048        ; 0            ; 0       ; 0         ; 0    ; 0            ; |myCPU|Ram:mainRAM                                                                                                                                                ; work         ;
;       |altsyncram:altsyncram_component|                                ; 55 (0)            ; 33 (0)       ; 2048        ; 0            ; 0       ; 0         ; 0    ; 0            ; |myCPU|Ram:mainRAM|altsyncram:altsyncram_component                                                                                                                ; work         ;
;          |altsyncram_21f1:auto_generated|                              ; 55 (0)            ; 33 (0)       ; 2048        ; 0            ; 0       ; 0         ; 0    ; 0            ; |myCPU|Ram:mainRAM|altsyncram:altsyncram_component|altsyncram_21f1:auto_generated                                                                                 ; work         ;
;             |altsyncram_lba2:altsyncram1|                              ; 0 (0)             ; 0 (0)        ; 2048        ; 0            ; 0       ; 0         ; 0    ; 0            ; |myCPU|Ram:mainRAM|altsyncram:altsyncram_component|altsyncram_21f1:auto_generated|altsyncram_lba2:altsyncram1                                                     ; work         ;
;             |sld_mod_ram_rom:mgl_prim2|                                ; 55 (37)           ; 33 (25)      ; 0           ; 0            ; 0       ; 0         ; 0    ; 0            ; |myCPU|Ram:mainRAM|altsyncram:altsyncram_component|altsyncram_21f1:auto_generated|sld_mod_ram_rom:mgl_prim2                                                       ; work         ;
;                |sld_rom_sr:\ram_rom_logic_gen:no_name_gen:info_rom_sr| ; 18 (18)           ; 8 (8)        ; 0           ; 0            ; 0       ; 0         ; 0    ; 0            ; |myCPU|Ram:mainRAM|altsyncram:altsyncram_component|altsyncram_21f1:auto_generated|sld_mod_ram_rom:mgl_prim2|sld_rom_sr:\ram_rom_logic_gen:no_name_gen:info_rom_sr ; work         ;
;    |Register:regA|                                                     ; 1 (1)             ; 8 (8)        ; 0           ; 0            ; 0       ; 0         ; 0    ; 0            ; |myCPU|Register:regA                                                                                                                                              ; work         ;
;    |Register:regB|                                                     ; 1 (1)             ; 8 (8)        ; 0           ; 0            ; 0       ; 0         ; 0    ; 0            ; |myCPU|Register:regB                                                                                                                                              ; work         ;
;    |Register:regC|                                                     ; 1 (1)             ; 8 (8)        ; 0           ; 0            ; 0       ; 0         ; 0    ; 0            ; |myCPU|Register:regC                                                                                                                                              ; work         ;
;    |Register:regD|                                                     ; 1 (1)             ; 8 (8)        ; 0           ; 0            ; 0       ; 0         ; 0    ; 0            ; |myCPU|Register:regD                                                                                                                                              ; work         ;
;    |Register:regIR|                                                    ; 1 (1)             ; 8 (8)        ; 0           ; 0            ; 0       ; 0         ; 0    ; 0            ; |myCPU|Register:regIR                                                                                                                                             ; work         ;
;    |Register:regOutputData|                                            ; 9 (9)             ; 8 (8)        ; 0           ; 0            ; 0       ; 0         ; 0    ; 0            ; |myCPU|Register:regOutputData                                                                                                                                     ; work         ;
;    |alu:_alu|                                                          ; 93 (93)           ; 8 (8)        ; 0           ; 0            ; 0       ; 0         ; 0    ; 0            ; |myCPU|alu:_alu                                                                                                                                                   ; work         ;
;    |sld_hub:auto_hub|                                                  ; 116 (1)           ; 80 (0)       ; 0           ; 0            ; 0       ; 0         ; 0    ; 0            ; |myCPU|sld_hub:auto_hub                                                                                                                                           ; work         ;
;       |sld_jtag_hub:\jtag_hub_gen:sld_jtag_hub_inst|                   ; 115 (78)          ; 80 (52)      ; 0           ; 0            ; 0       ; 0         ; 0    ; 0            ; |myCPU|sld_hub:auto_hub|sld_jtag_hub:\jtag_hub_gen:sld_jtag_hub_inst                                                                                              ; work         ;
;          |sld_rom_sr:hub_info_reg|                                     ; 20 (20)           ; 9 (9)        ; 0           ; 0            ; 0       ; 0         ; 0    ; 0            ; |myCPU|sld_hub:auto_hub|sld_jtag_hub:\jtag_hub_gen:sld_jtag_hub_inst|sld_rom_sr:hub_info_reg                                                                      ; work         ;
;          |sld_shadow_jsm:shadow_jsm|                                   ; 17 (17)           ; 19 (19)      ; 0           ; 0            ; 0       ; 0         ; 0    ; 0            ; |myCPU|sld_hub:auto_hub|sld_jtag_hub:\jtag_hub_gen:sld_jtag_hub_inst|sld_shadow_jsm:shadow_jsm                                                                    ; work         ;
+------------------------------------------------------------------------+-------------------+--------------+-------------+--------------+---------+-----------+------+--------------+-------------------------------------------------------------------------------------------------------------------------------------------------------------------+--------------+
Note: For table entries with two numbers listed, the numbers in parentheses indicate the number of resources of the given type used by the specific entity alone. The numbers listed outside of parentheses indicate the total resources of the given type used by the specific entity and all of its sub-entities in the hierarchy.


+----------------------------------------------------------------------------------------------------------------------------------------------------------------------------------------------------------------------------+
; Analysis & Synthesis RAM Summary                                                                                                                                                                                           ;
+-------------------------------------------------------------------------------------------------------------------+------+----------------+--------------+--------------+--------------+--------------+------+-------------+
; Name                                                                                                              ; Type ; Mode           ; Port A Depth ; Port A Width ; Port B Depth ; Port B Width ; Size ; MIF         ;
+-------------------------------------------------------------------------------------------------------------------+------+----------------+--------------+--------------+--------------+--------------+------+-------------+
; Ram:mainRAM|altsyncram:altsyncram_component|altsyncram_21f1:auto_generated|altsyncram_lba2:altsyncram1|ALTSYNCRAM ; AUTO ; True Dual Port ; 256          ; 8            ; 256          ; 8            ; 2048 ; ramData.mif ;
+-------------------------------------------------------------------------------------------------------------------+------+----------------+--------------+--------------+--------------+--------------+------+-------------+


+------------------------------------------------------------------------------------------------------+
; Analysis & Synthesis IP Cores Summary                                                                ;
+--------+--------------+---------+--------------+--------------+--------------------+-----------------+
; Vendor ; IP Core Name ; Version ; Release Date ; License Type ; Entity Instance    ; IP Include File ;
+--------+--------------+---------+--------------+--------------+--------------------+-----------------+
; Altera ; LPM_MUX      ; 13.0    ; N/A          ; N/A          ; |myCPU|Bus_mux:Bus ; E:/7/Bus_mux.v  ;
; Altera ; RAM: 1-PORT  ; 13.0    ; N/A          ; N/A          ; |myCPU|Ram:mainRAM ; E:/7/Ram.v      ;
+--------+--------------+---------+--------------+--------------+--------------------+-----------------+


+-----------------------------------------------------------------------------------------------------------------------------------------------------------------------------------------+
; Registers Removed During Synthesis                                                                                                                                                      ;
+-------------------------------------------------------------------------------------------------------------------------------------+---------------------------------------------------+
; Register name                                                                                                                       ; Reason for Removal                                ;
+-------------------------------------------------------------------------------------------------------------------------------------+---------------------------------------------------+
; Controller:Contorller|regIR_Enable                                                                                                  ; Stuck at VCC due to stuck port data_in            ;
; Controller:Contorller|regAR_Enable                                                                                                  ; Stuck at VCC due to stuck port data_in            ;
; Controller:Contorller|outputData_Enable                                                                                             ; Stuck at VCC due to stuck port data_in            ;
; Controller:Contorller|regD_Enable                                                                                                   ; Stuck at VCC due to stuck port data_in            ;
; Controller:Contorller|regC_Enable                                                                                                   ; Stuck at VCC due to stuck port data_in            ;
; Controller:Contorller|regB_Enable                                                                                                   ; Stuck at VCC due to stuck port data_in            ;
; Controller:Contorller|regA_Enable                                                                                                   ; Stuck at VCC due to stuck port data_in            ;
; Controller:Contorller|regB_Sclr                                                                                                     ; Merged with Controller:Contorller|outputData_Sclr ;
; Controller:Contorller|regAR_Sclr                                                                                                    ; Merged with Controller:Contorller|outputData_Sclr ;
; Controller:Contorller|regD_Sclr                                                                                                     ; Merged with Controller:Contorller|outputData_Sclr ;
; Controller:Contorller|regC_Sclr                                                                                                     ; Merged with Controller:Contorller|outputData_Sclr ;
; Controller:Contorller|regIR_Sclr                                                                                                    ; Merged with Controller:Contorller|outputData_Sclr ;
; Controller:Contorller|regA_Sclr                                                                                                     ; Merged with Controller:Contorller|outputData_Sclr ;
; alu:_alu|zero_Flag                                                                                                                  ; Lost fanout                                       ;
; Controller:Contorller|tempIR[5]                                                                                                     ; Lost fanout                                       ;
; Controller:Contorller|tempIR[6]                                                                                                     ; Stuck at GND due to stuck port data_in            ;
; Ram:mainRAM|altsyncram:altsyncram_component|altsyncram_21f1:auto_generated|sld_mod_ram_rom:mgl_prim2|ram_rom_data_shift_cntr_reg[3] ; Stuck at GND due to stuck port data_in            ;
; Total Number of Removed Registers = 17                                                                                              ;                                                   ;
+-------------------------------------------------------------------------------------------------------------------------------------+---------------------------------------------------+


+------------------------------------------------------+
; General Register Statistics                          ;
+----------------------------------------------+-------+
; Statistic                                    ; Value ;
+----------------------------------------------+-------+
; Total registers                              ; 229   ;
; Number of registers using Synchronous Clear  ; 30    ;
; Number of registers using Synchronous Load   ; 35    ;
; Number of registers using Asynchronous Clear ; 45    ;
; Number of registers using Asynchronous Load  ; 0     ;
; Number of registers using Clock Enable       ; 180   ;
; Number of registers using Preset             ; 0     ;
+----------------------------------------------+-------+


+----------------------------------------------------------------------------------------+
; Inverted Register Statistics                                                           ;
+------------------------------------------------------------------------------+---------+
; Inverted Register                                                            ; Fan out ;
+------------------------------------------------------------------------------+---------+
; sld_hub:auto_hub|sld_jtag_hub:\jtag_hub_gen:sld_jtag_hub_inst|tdo            ; 1       ;
; sld_hub:auto_hub|sld_jtag_hub:\jtag_hub_gen:sld_jtag_hub_inst|jtag_ir_reg[2] ; 2       ;
; sld_hub:auto_hub|sld_jtag_hub:\jtag_hub_gen:sld_jtag_hub_inst|jtag_ir_reg[1] ; 3       ;
; Total number of inverted registers = 3                                       ;         ;
+------------------------------------------------------------------------------+---------+


+-------------------------------------------------------------------------------------------------------------------------------------------------------------------------------------------------------------------------------------------------------------------------------------------------+
; Multiplexer Restructuring Statistics (Restructuring Performed)                                                                                                                                                                                                                                  ;
+--------------------+-----------+---------------+----------------------+------------------------+------------+-----------------------------------------------------------------------------------------------------------------------------------------------------------------------------------+
; Multiplexer Inputs ; Bus Width ; Baseline Area ; Area if Restructured ; Saving if Restructured ; Registered ; Example Multiplexer Output                                                                                                                                                        ;
+--------------------+-----------+---------------+----------------------+------------------------+------------+-----------------------------------------------------------------------------------------------------------------------------------------------------------------------------------+
; 3:1                ; 8 bits    ; 16 LEs        ; 8 LEs                ; 8 LEs                  ; Yes        ; |myCPU|Register:regOutputData|regOutput[0]                                                                                                                                        ;
; 3:1                ; 8 bits    ; 16 LEs        ; 8 LEs                ; 8 LEs                  ; Yes        ; |myCPU|Register:regIR|regOutput[3]                                                                                                                                                ;
; 3:1                ; 4 bits    ; 8 LEs         ; 4 LEs                ; 4 LEs                  ; Yes        ; |myCPU|Ram:mainRAM|altsyncram:altsyncram_component|altsyncram_21f1:auto_generated|sld_mod_ram_rom:mgl_prim2|ram_rom_data_shift_cntr_reg[3]                                        ;
; 3:1                ; 8 bits    ; 16 LEs        ; 8 LEs                ; 8 LEs                  ; Yes        ; |myCPU|Ram:mainRAM|altsyncram:altsyncram_component|altsyncram_21f1:auto_generated|sld_mod_ram_rom:mgl_prim2|ram_rom_data_reg[7]                                                   ;
; 3:1                ; 8 bits    ; 16 LEs        ; 8 LEs                ; 8 LEs                  ; Yes        ; |myCPU|Register:regB|regOutput[0]                                                                                                                                                 ;
; 3:1                ; 8 bits    ; 16 LEs        ; 8 LEs                ; 8 LEs                  ; Yes        ; |myCPU|Register:regA|regOutput[5]                                                                                                                                                 ;
; 3:1                ; 8 bits    ; 16 LEs        ; 8 LEs                ; 8 LEs                  ; Yes        ; |myCPU|Register:regD|regOutput[2]                                                                                                                                                 ;
; 3:1                ; 8 bits    ; 16 LEs        ; 8 LEs                ; 8 LEs                  ; Yes        ; |myCPU|Register:regC|regOutput[5]                                                                                                                                                 ;
; 3:1                ; 8 bits    ; 16 LEs        ; 8 LEs                ; 8 LEs                  ; Yes        ; |myCPU|Ram:mainRAM|altsyncram:altsyncram_component|altsyncram_21f1:auto_generated|sld_mod_ram_rom:mgl_prim2|ram_rom_addr_reg[3]                                                   ;
; 4:1                ; 8 bits    ; 16 LEs        ; 16 LEs               ; 0 LEs                  ; Yes        ; |myCPU|regAR[1]                                                                                                                                                                   ;
; 5:1                ; 4 bits    ; 12 LEs        ; 4 LEs                ; 8 LEs                  ; Yes        ; |myCPU|Ram:mainRAM|altsyncram:altsyncram_component|altsyncram_21f1:auto_generated|sld_mod_ram_rom:mgl_prim2|sld_rom_sr:\ram_rom_logic_gen:no_name_gen:info_rom_sr|word_counter[0] ;
; 6:1                ; 2 bits    ; 8 LEs         ; 2 LEs                ; 6 LEs                  ; Yes        ; |myCPU|Controller:Contorller|tempIR[7]                                                                                                                                            ;
; 6:1                ; 2 bits    ; 8 LEs         ; 0 LEs                ; 8 LEs                  ; Yes        ; |myCPU|Controller:Contorller|tempIR[3]                                                                                                                                            ;
; 32:1               ; 8 bits    ; 168 LEs       ; 0 LEs                ; 168 LEs                ; Yes        ; |myCPU|Controller:Contorller|regAR_Input[4]                                                                                                                                       ;
; 10:1               ; 4 bits    ; 24 LEs        ; 20 LEs               ; 4 LEs                  ; Yes        ; |myCPU|alu:_alu|out[0]                                                                                                                                                            ;
; 11:1               ; 2 bits    ; 14 LEs        ; 12 LEs               ; 2 LEs                  ; Yes        ; |myCPU|alu:_alu|out[5]                                                                                                                                                            ;
; 12:1               ; 2 bits    ; 16 LEs        ; 12 LEs               ; 4 LEs                  ; Yes        ; |myCPU|alu:_alu|out[7]                                                                                                                                                            ;
; 16:1               ; 4 bits    ; 40 LEs        ; 24 LEs               ; 16 LEs                 ; Yes        ; |myCPU|Ram:mainRAM|altsyncram:altsyncram_component|altsyncram_21f1:auto_generated|sld_mod_ram_rom:mgl_prim2|sld_rom_sr:\ram_rom_logic_gen:no_name_gen:info_rom_sr|WORD_SR[1]      ;
; 35:1               ; 2 bits    ; 46 LEs        ; 10 LEs               ; 36 LEs                 ; Yes        ; |myCPU|Controller:Contorller|state[1]                                                                                                                                             ;
; 21:1               ; 3 bits    ; 42 LEs        ; 9 LEs                ; 33 LEs                 ; Yes        ; |myCPU|Controller:Contorller|bus_sel[1]                                                                                                                                           ;
; 21:1               ; 4 bits    ; 56 LEs        ; 8 LEs                ; 48 LEs                 ; Yes        ; |myCPU|Controller:Contorller|regA_Load                                                                                                                                            ;
; 39:1               ; 2 bits    ; 52 LEs        ; 12 LEs               ; 40 LEs                 ; Yes        ; |myCPU|Controller:Contorller|state[0]                                                                                                                                             ;
; 39:1               ; 8 bits    ; 208 LEs       ; 16 LEs               ; 192 LEs                ; Yes        ; |myCPU|Controller:Contorller|regPC[1]                                                                                                                                             ;
; 3:1                ; 4 bits    ; 8 LEs         ; 4 LEs                ; 4 LEs                  ; Yes        ; |myCPU|sld_hub:auto_hub|sld_jtag_hub:\jtag_hub_gen:sld_jtag_hub_inst|hub_minor_ver_reg[0]                                                                                         ;
; 4:1                ; 5 bits    ; 10 LEs        ; 5 LEs                ; 5 LEs                  ; Yes        ; |myCPU|sld_hub:auto_hub|sld_jtag_hub:\jtag_hub_gen:sld_jtag_hub_inst|mixer_addr_reg[4]                                                                                            ;
; 5:1                ; 5 bits    ; 15 LEs        ; 5 LEs                ; 10 LEs                 ; Yes        ; |myCPU|sld_hub:auto_hub|sld_jtag_hub:\jtag_hub_gen:sld_jtag_hub_inst|sld_rom_sr:hub_info_reg|word_counter[1]                                                                      ;
; 6:1                ; 4 bits    ; 16 LEs        ; 4 LEs                ; 12 LEs                 ; Yes        ; |myCPU|sld_hub:auto_hub|sld_jtag_hub:\jtag_hub_gen:sld_jtag_hub_inst|irsr_reg[2]                                                                                                  ;
; 34:1               ; 4 bits    ; 88 LEs        ; 64 LEs               ; 24 LEs                 ; Yes        ; |myCPU|sld_hub:auto_hub|sld_jtag_hub:\jtag_hub_gen:sld_jtag_hub_inst|design_hash_reg[3]                                                                                           ;
; 20:1               ; 4 bits    ; 52 LEs        ; 32 LEs               ; 20 LEs                 ; Yes        ; |myCPU|sld_hub:auto_hub|sld_jtag_hub:\jtag_hub_gen:sld_jtag_hub_inst|sld_rom_sr:hub_info_reg|WORD_SR[1]                                                                           ;
+--------------------+-----------+---------------+----------------------+------------------------+------------+-----------------------------------------------------------------------------------------------------------------------------------------------------------------------------------+


+-------------------------------------------------------------------------------------------------------------------------------+
; Source assignments for Ram:mainRAM|altsyncram:altsyncram_component|altsyncram_21f1:auto_generated|altsyncram_lba2:altsyncram1 ;
+---------------------------------+--------------------+------+-----------------------------------------------------------------+
; Assignment                      ; Value              ; From ; To                                                              ;
+---------------------------------+--------------------+------+-----------------------------------------------------------------+
; OPTIMIZE_POWER_DURING_SYNTHESIS ; NORMAL_COMPILATION ; -    ; -                                                               ;
+---------------------------------+--------------------+------+-----------------------------------------------------------------+


+-----------------------------------------------------------------------+
; Parameter Settings for User Entity Instance: Top-level Entity: |myCPU ;
+----------------+-------+----------------------------------------------+
; Parameter Name ; Value ; Type                                         ;
+----------------+-------+----------------------------------------------+
; WORD_SIZE      ; 8     ; Signed Integer                               ;
+----------------+-------+----------------------------------------------+
Note: In order to hide this table in the UI and the text report file, please set the "Show Parameter Settings in Synthesis Report" option in "Analysis and Synthesis Settings -> More Settings" to "Off".


+---------------------------------------------------------------------+
; Parameter Settings for User Entity Instance: Register:regOutputData ;
+----------------+-------+--------------------------------------------+
; Parameter Name ; Value ; Type                                       ;
+----------------+-------+--------------------------------------------+
; WORD_SIZE      ; 8     ; Signed Integer                             ;
+----------------+-------+--------------------------------------------+
Note: In order to hide this table in the UI and the text report file, please set the "Show Parameter Settings in Synthesis Report" option in "Analysis and Synthesis Settings -> More Settings" to "Off".


+------------------------------------------------------------+
; Parameter Settings for User Entity Instance: Register:regA ;
+----------------+-------+-----------------------------------+
; Parameter Name ; Value ; Type                              ;
+----------------+-------+-----------------------------------+
; WORD_SIZE      ; 8     ; Signed Integer                    ;
+----------------+-------+-----------------------------------+
Note: In order to hide this table in the UI and the text report file, please set the "Show Parameter Settings in Synthesis Report" option in "Analysis and Synthesis Settings -> More Settings" to "Off".


+------------------------------------------------------------+
; Parameter Settings for User Entity Instance: Register:regB ;
+----------------+-------+-----------------------------------+
; Parameter Name ; Value ; Type                              ;
+----------------+-------+-----------------------------------+
; WORD_SIZE      ; 8     ; Signed Integer                    ;
+----------------+-------+-----------------------------------+
Note: In order to hide this table in the UI and the text report file, please set the "Show Parameter Settings in Synthesis Report" option in "Analysis and Synthesis Settings -> More Settings" to "Off".


+------------------------------------------------------------+
; Parameter Settings for User Entity Instance: Register:regC ;
+----------------+-------+-----------------------------------+
; Parameter Name ; Value ; Type                              ;
+----------------+-------+-----------------------------------+
; WORD_SIZE      ; 8     ; Signed Integer                    ;
+----------------+-------+-----------------------------------+
Note: In order to hide this table in the UI and the text report file, please set the "Show Parameter Settings in Synthesis Report" option in "Analysis and Synthesis Settings -> More Settings" to "Off".


+------------------------------------------------------------+
; Parameter Settings for User Entity Instance: Register:regD ;
+----------------+-------+-----------------------------------+
; Parameter Name ; Value ; Type                              ;
+----------------+-------+-----------------------------------+
; WORD_SIZE      ; 8     ; Signed Integer                    ;
+----------------+-------+-----------------------------------+
Note: In order to hide this table in the UI and the text report file, please set the "Show Parameter Settings in Synthesis Report" option in "Analysis and Synthesis Settings -> More Settings" to "Off".


+-------------------------------------------------------------+
; Parameter Settings for User Entity Instance: Register:regIR ;
+----------------+-------+------------------------------------+
; Parameter Name ; Value ; Type                               ;
+----------------+-------+------------------------------------+
; WORD_SIZE      ; 8     ; Signed Integer                     ;
+----------------+-------+------------------------------------+
Note: In order to hide this table in the UI and the text report file, please set the "Show Parameter Settings in Synthesis Report" option in "Analysis and Synthesis Settings -> More Settings" to "Off".


+-------------------------------------------------------+
; Parameter Settings for User Entity Instance: alu:_alu ;
+----------------+-------+------------------------------+
; Parameter Name ; Value ; Type                         ;
+----------------+-------+------------------------------+
; WORD_SIZE      ; 8     ; Signed Integer               ;
+----------------+-------+------------------------------+
Note: In order to hide this table in the UI and the text report file, please set the "Show Parameter Settings in Synthesis Report" option in "Analysis and Synthesis Settings -> More Settings" to "Off".


+------------------------------------------------------------------------------------------+
; Parameter Settings for User Entity Instance: Ram:mainRAM|altsyncram:altsyncram_component ;
+------------------------------------+----------------------+------------------------------+
; Parameter Name                     ; Value                ; Type                         ;
+------------------------------------+----------------------+------------------------------+
; BYTE_SIZE_BLOCK                    ; 8                    ; Untyped                      ;
; AUTO_CARRY_CHAINS                  ; ON                   ; AUTO_CARRY                   ;
; IGNORE_CARRY_BUFFERS               ; OFF                  ; IGNORE_CARRY                 ;
; AUTO_CASCADE_CHAINS                ; ON                   ; AUTO_CASCADE                 ;
; IGNORE_CASCADE_BUFFERS             ; OFF                  ; IGNORE_CASCADE               ;
; WIDTH_BYTEENA                      ; 1                    ; Untyped                      ;
; OPERATION_MODE                     ; SINGLE_PORT          ; Untyped                      ;
; WIDTH_A                            ; 8                    ; Signed Integer               ;
; WIDTHAD_A                          ; 8                    ; Signed Integer               ;
; NUMWORDS_A                         ; 256                  ; Signed Integer               ;
; OUTDATA_REG_A                      ; UNREGISTERED         ; Untyped                      ;
; ADDRESS_ACLR_A                     ; NONE                 ; Untyped                      ;
; OUTDATA_ACLR_A                     ; NONE                 ; Untyped                      ;
; WRCONTROL_ACLR_A                   ; NONE                 ; Untyped                      ;
; INDATA_ACLR_A                      ; NONE                 ; Untyped                      ;
; BYTEENA_ACLR_A                     ; NONE                 ; Untyped                      ;
; WIDTH_B                            ; 1                    ; Untyped                      ;
; WIDTHAD_B                          ; 1                    ; Untyped                      ;
; NUMWORDS_B                         ; 1                    ; Untyped                      ;
; INDATA_REG_B                       ; CLOCK1               ; Untyped                      ;
; WRCONTROL_WRADDRESS_REG_B          ; CLOCK1               ; Untyped                      ;
; RDCONTROL_REG_B                    ; CLOCK1               ; Untyped                      ;
; ADDRESS_REG_B                      ; CLOCK1               ; Untyped                      ;
; OUTDATA_REG_B                      ; UNREGISTERED         ; Untyped                      ;
; BYTEENA_REG_B                      ; CLOCK1               ; Untyped                      ;
; INDATA_ACLR_B                      ; NONE                 ; Untyped                      ;
; WRCONTROL_ACLR_B                   ; NONE                 ; Untyped                      ;
; ADDRESS_ACLR_B                     ; NONE                 ; Untyped                      ;
; OUTDATA_ACLR_B                     ; NONE                 ; Untyped                      ;
; RDCONTROL_ACLR_B                   ; NONE                 ; Untyped                      ;
; BYTEENA_ACLR_B                     ; NONE                 ; Untyped                      ;
; WIDTH_BYTEENA_A                    ; 1                    ; Signed Integer               ;
; WIDTH_BYTEENA_B                    ; 1                    ; Untyped                      ;
; RAM_BLOCK_TYPE                     ; AUTO                 ; Untyped                      ;
; BYTE_SIZE                          ; 8                    ; Untyped                      ;
; READ_DURING_WRITE_MODE_MIXED_PORTS ; DONT_CARE            ; Untyped                      ;
; READ_DURING_WRITE_MODE_PORT_A      ; NEW_DATA_NO_NBE_READ ; Untyped                      ;
; READ_DURING_WRITE_MODE_PORT_B      ; NEW_DATA_NO_NBE_READ ; Untyped                      ;
; INIT_FILE                          ; ramData.mif          ; Untyped                      ;
; INIT_FILE_LAYOUT                   ; PORT_A               ; Untyped                      ;
; MAXIMUM_DEPTH                      ; 0                    ; Untyped                      ;
; CLOCK_ENABLE_INPUT_A               ; BYPASS               ; Untyped                      ;
; CLOCK_ENABLE_INPUT_B               ; NORMAL               ; Untyped                      ;
; CLOCK_ENABLE_OUTPUT_A              ; BYPASS               ; Untyped                      ;
; CLOCK_ENABLE_OUTPUT_B              ; NORMAL               ; Untyped                      ;
; CLOCK_ENABLE_CORE_A                ; USE_INPUT_CLKEN      ; Untyped                      ;
; CLOCK_ENABLE_CORE_B                ; USE_INPUT_CLKEN      ; Untyped                      ;
; ENABLE_ECC                         ; FALSE                ; Untyped                      ;
; ECC_PIPELINE_STAGE_ENABLED         ; FALSE                ; Untyped                      ;
; WIDTH_ECCSTATUS                    ; 3                    ; Untyped                      ;
; DEVICE_FAMILY                      ; Cyclone II           ; Untyped                      ;
; CBXI_PARAMETER                     ; altsyncram_21f1      ; Untyped                      ;
+------------------------------------+----------------------+------------------------------+
Note: In order to hide this table in the UI and the text report file, please set the "Show Parameter Settings in Synthesis Report" option in "Analysis and Synthesis Settings -> More Settings" to "Off".


+------------------------------------------------------------------------------------+
; Parameter Settings for User Entity Instance: Bus_mux:Bus|lpm_mux:LPM_MUX_component ;
+------------------------+------------+----------------------------------------------+
; Parameter Name         ; Value      ; Type                                         ;
+------------------------+------------+----------------------------------------------+
; AUTO_CARRY_CHAINS      ; ON         ; AUTO_CARRY                                   ;
; IGNORE_CARRY_BUFFERS   ; OFF        ; IGNORE_CARRY                                 ;
; AUTO_CASCADE_CHAINS    ; ON         ; AUTO_CASCADE                                 ;
; IGNORE_CASCADE_BUFFERS ; OFF        ; IGNORE_CASCADE                               ;
; LPM_WIDTH              ; 8          ; Signed Integer                               ;
; LPM_SIZE               ; 8          ; Signed Integer                               ;
; LPM_WIDTHS             ; 3          ; Signed Integer                               ;
; LPM_PIPELINE           ; 0          ; Untyped                                      ;
; CBXI_PARAMETER         ; mux_4nc    ; Untyped                                      ;
; DEVICE_FAMILY          ; Cyclone II ; Untyped                                      ;
+------------------------+------------+----------------------------------------------+
Note: In order to hide this table in the UI and the text report file, please set the "Show Parameter Settings in Synthesis Report" option in "Analysis and Synthesis Settings -> More Settings" to "Off".


+--------------------------------------------------------------------+
; Parameter Settings for User Entity Instance: Controller:Contorller ;
+----------------+-------+-------------------------------------------+
; Parameter Name ; Value ; Type                                      ;
+----------------+-------+-------------------------------------------+
; WORD_SIZE      ; 8     ; Signed Integer                            ;
+----------------+-------+-------------------------------------------+
Note: In order to hide this table in the UI and the text report file, please set the "Show Parameter Settings in Synthesis Report" option in "Analysis and Synthesis Settings -> More Settings" to "Off".


+-----------------------------------------------------------------------------------------+
; altsyncram Parameter Settings by Entity Instance                                        ;
+-------------------------------------------+---------------------------------------------+
; Name                                      ; Value                                       ;
+-------------------------------------------+---------------------------------------------+
; Number of entity instances                ; 1                                           ;
; Entity Instance                           ; Ram:mainRAM|altsyncram:altsyncram_component ;
;     -- OPERATION_MODE                     ; SINGLE_PORT                                 ;
;     -- WIDTH_A                            ; 8                                           ;
;     -- NUMWORDS_A                         ; 256                                         ;
;     -- OUTDATA_REG_A                      ; UNREGISTERED                                ;
;     -- WIDTH_B                            ; 1                                           ;
;     -- NUMWORDS_B                         ; 1                                           ;
;     -- ADDRESS_REG_B                      ; CLOCK1                                      ;
;     -- OUTDATA_REG_B                      ; UNREGISTERED                                ;
;     -- RAM_BLOCK_TYPE                     ; AUTO                                        ;
;     -- READ_DURING_WRITE_MODE_MIXED_PORTS ; DONT_CARE                                   ;
+-------------------------------------------+---------------------------------------------+


+----------------------------------------------------------------------------------------------------------------------------------------------------------------------------------------------------------------------+
; Port Connectivity Checks: "Bus_mux:Bus"                                                                                                                                                                              ;
+--------------+-------+----------+------------------------------------------------------------------------------------------------------------------------------------------------------------------------------------+
; Port         ; Type  ; Severity ; Details                                                                                                                                                                            ;
+--------------+-------+----------+------------------------------------------------------------------------------------------------------------------------------------------------------------------------------------+
; data6x       ; Input ; Warning  ; Input port expression (32 bits) is wider than the input port (8 bits) it drives.  The 24 most-significant bit(s) in the expression will be dangling if they have no other fanouts. ;
; data6x[7..0] ; Input ; Info     ; Stuck at GND                                                                                                                                                                       ;
; data7x       ; Input ; Warning  ; Input port expression (32 bits) is wider than the input port (8 bits) it drives.  The 24 most-significant bit(s) in the expression will be dangling if they have no other fanouts. ;
; data7x[7..0] ; Input ; Info     ; Stuck at GND                                                                                                                                                                       ;
+--------------+-------+----------+------------------------------------------------------------------------------------------------------------------------------------------------------------------------------------+


+----------------------------------------------------------------------------------------------------------------------------------------+
; In-System Memory Content Editor Settings                                                                                               ;
+----------------+-------------+-------+-------+------------+----------------------------------------------------------------------------+
; Instance Index ; Instance ID ; Width ; Depth ; Mode       ; Hierarchy Location                                                         ;
+----------------+-------------+-------+-------+------------+----------------------------------------------------------------------------+
; 0              ; NONE        ; 8     ; 256   ; Read/Write ; Ram:mainRAM|altsyncram:altsyncram_component|altsyncram_21f1:auto_generated ;
+----------------+-------------+-------+-------+------------+----------------------------------------------------------------------------+


+---------------------------------+
; Elapsed Time Per Partition      ;
+------------------+--------------+
; Partition Name   ; Elapsed Time ;
+------------------+--------------+
; Top              ; 00:00:01     ;
; sld_hub:auto_hub ; 00:00:00     ;
+------------------+--------------+


+-------------------------------+
; Analysis & Synthesis Messages ;
+-------------------------------+
Info: *******************************************************************
Info: Running Quartus II 64-Bit Analysis & Synthesis
    Info: Version 13.0.1 Build 232 06/12/2013 Service Pack 1 SJ Full Version
    Info: Processing started: Sat Jan 23 16:29:44 2016
Info: Command: quartus_map --read_settings_files=on --write_settings_files=off CALab -c CALab
Info (11104): Parallel Compilation has detected 8 hyper-threaded processors. However, the extra hyper-threaded processors will not be used by default. Parallel Compilation will use 4 of the 4 physical processors detected instead.
Info (12021): Found 1 design units, including 1 entities, in source file mycpu.v
    Info (12023): Found entity 1: myCPU
Info (12021): Found 1 design units, including 1 entities, in source file controller.v
    Info (12023): Found entity 1: Controller
Info (12021): Found 1 design units, including 1 entities, in source file alu.v
    Info (12023): Found entity 1: alu
Info (12021): Found 1 design units, including 1 entities, in source file ram.v
    Info (12023): Found entity 1: Ram
Info (12021): Found 1 design units, including 1 entities, in source file bus_mux.v
    Info (12023): Found entity 1: Bus_mux
Info (12021): Found 1 design units, including 1 entities, in source file register.v
    Info (12023): Found entity 1: Register
Info (12127): Elaborating entity "myCPU" for the top level hierarchy
Info (12128): Elaborating entity "Register" for hierarchy "Register:regOutputData"
Warning (10230): Verilog HDL assignment warning at Register.v(16): truncated value with size 32 to match size of target (8)
Info (12128): Elaborating entity "alu" for hierarchy "alu:_alu"
Warning (10034): Output port "overflow_Flag" at alu.v(11) has no driver
Info (12128): Elaborating entity "Ram" for hierarchy "Ram:mainRAM"
Info (12128): Elaborating entity "altsyncram" for hierarchy "Ram:mainRAM|altsyncram:altsyncram_component"
Info (12130): Elaborated megafunction instantiation "Ram:mainRAM|altsyncram:altsyncram_component"
Info (12133): Instantiated megafunction "Ram:mainRAM|altsyncram:altsyncram_component" with the following parameter:
    Info (12134): Parameter "clock_enable_input_a" = "BYPASS"
    Info (12134): Parameter "clock_enable_output_a" = "BYPASS"
    Info (12134): Parameter "init_file" = "ramData.mif"
    Info (12134): Parameter "intended_device_family" = "Cyclone II"
    Info (12134): Parameter "lpm_hint" = "ENABLE_RUNTIME_MOD=YES,INSTANCE_NAME=NONE"
    Info (12134): Parameter "lpm_type" = "altsyncram"
    Info (12134): Parameter "numwords_a" = "256"
    Info (12134): Parameter "operation_mode" = "SINGLE_PORT"
    Info (12134): Parameter "outdata_aclr_a" = "NONE"
    Info (12134): Parameter "outdata_reg_a" = "UNREGISTERED"
    Info (12134): Parameter "power_up_uninitialized" = "FALSE"
    Info (12134): Parameter "widthad_a" = "8"
    Info (12134): Parameter "width_a" = "8"
    Info (12134): Parameter "width_byteena_a" = "1"
Info (12021): Found 1 design units, including 1 entities, in source file db/altsyncram_21f1.tdf
    Info (12023): Found entity 1: altsyncram_21f1
Info (12128): Elaborating entity "altsyncram_21f1" for hierarchy "Ram:mainRAM|altsyncram:altsyncram_component|altsyncram_21f1:auto_generated"
Info (12021): Found 1 design units, including 1 entities, in source file db/altsyncram_lba2.tdf
    Info (12023): Found entity 1: altsyncram_lba2
Info (12128): Elaborating entity "altsyncram_lba2" for hierarchy "Ram:mainRAM|altsyncram:altsyncram_component|altsyncram_21f1:auto_generated|altsyncram_lba2:altsyncram1"
Info (12128): Elaborating entity "sld_mod_ram_rom" for hierarchy "Ram:mainRAM|altsyncram:altsyncram_component|altsyncram_21f1:auto_generated|sld_mod_ram_rom:mgl_prim2"
Info (12130): Elaborated megafunction instantiation "Ram:mainRAM|altsyncram:altsyncram_component|altsyncram_21f1:auto_generated|sld_mod_ram_rom:mgl_prim2"
Info (12133): Instantiated megafunction "Ram:mainRAM|altsyncram:altsyncram_component|altsyncram_21f1:auto_generated|sld_mod_ram_rom:mgl_prim2" with the following parameter:
    Info (12134): Parameter "CVALUE" = "00000000"
    Info (12134): Parameter "IS_DATA_IN_RAM" = "1"
    Info (12134): Parameter "IS_READABLE" = "1"
    Info (12134): Parameter "NODE_NAME" = "0"
    Info (12134): Parameter "NUMWORDS" = "256"
    Info (12134): Parameter "SHIFT_COUNT_BITS" = "4"
    Info (12134): Parameter "WIDTH_WORD" = "8"
    Info (12134): Parameter "WIDTHAD" = "8"
Info (12128): Elaborating entity "sld_rom_sr" for hierarchy "Ram:mainRAM|altsyncram:altsyncram_component|altsyncram_21f1:auto_generated|sld_mod_ram_rom:mgl_prim2|sld_rom_sr:\ram_rom_logic_gen:no_name_gen:info_rom_sr"
Info (12128): Elaborating entity "Bus_mux" for hierarchy "Bus_mux:Bus"
Info (12128): Elaborating entity "lpm_mux" for hierarchy "Bus_mux:Bus|lpm_mux:LPM_MUX_component"
Info (12130): Elaborated megafunction instantiation "Bus_mux:Bus|lpm_mux:LPM_MUX_component"
Info (12133): Instantiated megafunction "Bus_mux:Bus|lpm_mux:LPM_MUX_component" with the following parameter:
    Info (12134): Parameter "lpm_size" = "8"
    Info (12134): Parameter "lpm_type" = "LPM_MUX"
    Info (12134): Parameter "lpm_width" = "8"
    Info (12134): Parameter "lpm_widths" = "3"
Info (12021): Found 1 design units, including 1 entities, in source file db/mux_4nc.tdf
    Info (12023): Found entity 1: mux_4nc
Info (12128): Elaborating entity "mux_4nc" for hierarchy "Bus_mux:Bus|lpm_mux:LPM_MUX_component|mux_4nc:auto_generated"
Info (12128): Elaborating entity "Controller" for hierarchy "Controller:Contorller"
Warning (10230): Verilog HDL assignment warning at Controller.v(299): truncated value with size 32 to match size of target (8)
Warning (10230): Verilog HDL assignment warning at Controller.v(302): truncated value with size 32 to match size of target (8)
Warning (10230): Verilog HDL assignment warning at Controller.v(307): truncated value with size 32 to match size of target (8)
Warning (10230): Verilog HDL assignment warning at Controller.v(310): truncated value with size 32 to match size of target (8)
Warning (10034): Output port "RAM_Input" at Controller.v(40) has no driver
Warning (10034): Output port "regA_Sset" at Controller.v(30) has no driver
Warning (10034): Output port "regB_Sset" at Controller.v(30) has no driver
Warning (10034): Output port "regC_Sset" at Controller.v(30) has no driver
Warning (10034): Output port "regD_Sset" at Controller.v(30) has no driver
Warning (10034): Output port "regAR_Sset" at Controller.v(31) has no driver
Warning (10034): Output port "regIR_Sset" at Controller.v(32) has no driver
Warning (10034): Output port "outputData_Sset" at Controller.v(33) has no driver
Warning (10034): Output port "RAM_Wren" at Controller.v(35) has no driver
Warning (12241): 1 hierarchies have connectivity warnings - see the Connectivity Checks report folder
Info (17049): 2 registers lost all their fanouts during netlist optimizations.
Info (13000): Registers with preset signals will power-up high
Info (13003): DEV_CLRn pin will set, and not reset, register with preset signal due to NOT Gate Push-Back
Warning (13024): Output pins are stuck at VCC or GND
    Warning (13410): Pin "sld_hub:auto_hub|receive[0][0]" is stuck at GND
Info (16010): Generating hard_block partition "hard_block:auto_generated_inst"
    Info (16011): Adding 0 node(s), including 0 DDIO, 0 PLL, 0 transceiver and 0 LCELL
Info (21057): Implemented 584 device resources after synthesis - the final resource count might be different
    Info (21058): Implemented 13 input pins
    Info (21059): Implemented 17 output pins
    Info (21061): Implemented 545 logic cells
    Info (21064): Implemented 8 RAM segments
Info: Quartus II 64-Bit Analysis & Synthesis was successful. 0 errors, 18 warnings
    Info: Peak virtual memory: 544 megabytes
    Info: Processing ended: Sat Jan 23 16:29:48 2016
    Info: Elapsed time: 00:00:04
    Info: Total CPU time (on all processors): 00:00:04


